<?xml version="1.0" encoding="UTF-8"?>
<!-- Generated by org.testng.reporters.JUnitReportReporter -->
<testsuite skipped="0" hostname="laptop-PC" name="com.crm.qa.functionalTest.LoginPageTest" tests="1" failures="0" timestamp="2020-12-12T23:33:46 IST" time="16.693" errors="0">
  <testcase name="LoginToCRMtest" time="16.693" classname="com.crm.qa.functionalTest.LoginPageTest"/>
  <system-out/>
</testsuite> <!-- com.crm.qa.functionalTest.LoginPageTest -->
