<?xml version="1.0" encoding="UTF-8"?>
<!-- Generated by org.testng.reporters.JUnitReportReporter -->
<testsuite skipped="0" hostname="laptop-PC" name="com.crm.qa.functionalTest.LoginPageTest" tests="1" failures="0" timestamp="2020-12-27T22:50:05 IST" time="28.824" errors="0">
  <testcase name="LoginToCRMtest" time="28.824" classname="com.crm.qa.functionalTest.LoginPageTest"/>
  <system-out/>
</testsuite> <!-- com.crm.qa.functionalTest.LoginPageTest -->
