<?xml version="1.0" encoding="UTF-8"?>
<!-- Generated by org.testng.reporters.JUnitReportReporter -->
<testsuite skipped="0" hostname="laptop-PC" name="com.crm.qa.functionalTest.HomePageTest" tests="1" failures="0" timestamp="2020-11-02T20:08:36 IST" time="20.315" errors="0">
  <testcase name="contactListTest" time="20.315" classname="com.crm.qa.functionalTest.HomePageTest"/>
  <system-out/>
</testsuite> <!-- com.crm.qa.functionalTest.HomePageTest -->
