<?xml version="1.0" encoding="UTF-8"?>
<!-- Generated by org.testng.reporters.JUnitReportReporter -->
<testsuite skipped="0" hostname="laptop-PC" name="com.crm.qa.functionalTest.LoginPageTest" tests="1" failures="0" timestamp="2020-10-20T19:51:26 IST" time="18.334" errors="0">
  <testcase name="LoginToCRMtest" time="18.334" classname="com.crm.qa.functionalTest.LoginPageTest"/>
  <system-out/>
</testsuite> <!-- com.crm.qa.functionalTest.LoginPageTest -->
