<?xml version="1.0" encoding="UTF-8"?>
<!-- Generated by org.testng.reporters.JUnitReportReporter -->
<testsuite skipped="0" hostname="laptop-PC" name="com.crm.qa.functionalTest.HomePageTest" tests="1" failures="0" timestamp="2020-12-27T22:50:05 IST" time="32.308" errors="0">
  <testcase name="contactListTest" time="32.308" classname="com.crm.qa.functionalTest.HomePageTest"/>
  <system-out/>
</testsuite> <!-- com.crm.qa.functionalTest.HomePageTest -->
