<?xml version="1.0" encoding="UTF-8"?>
<!-- Generated by org.testng.reporters.JUnitReportReporter -->
<testsuite skipped="0" hostname="laptop-PC" name="com.crm.qa.functionalTest.ContactPageTest" tests="3" failures="0" timestamp="2020-11-04T17:14:14 IST" time="8.294" errors="0">
  <testcase name="ContactLinkNavigationTest" time="0.414" classname="com.crm.qa.functionalTest.ContactPageTest"/>
  <system-out/>
  <testcase name="NewContactTest" time="4.667" classname="com.crm.qa.functionalTest.ContactPageTest"/>
  <system-out/>
  <testcase name="NewContactTest" time="3.213" classname="com.crm.qa.functionalTest.ContactPageTest"/>
  <system-out/>
</testsuite> <!-- com.crm.qa.functionalTest.ContactPageTest -->
