<?xml version="1.0" encoding="UTF-8"?>
<!-- Generated by org.testng.reporters.JUnitReportReporter -->
<testsuite skipped="0" hostname="laptop-PC" name="com.crm.qa.functionalTest.LoginLandingPageTest" tests="3" failures="0" timestamp="2020-12-12T23:33:46 IST" time="41.263" errors="0">
  <testcase name="LandingPageTitleTest" time="12.059" classname="com.crm.qa.functionalTest.LoginLandingPageTest"/>
  <system-out/>
  <testcase name="CRMlogoTest" time="13.709" classname="com.crm.qa.functionalTest.LoginLandingPageTest"/>
  <system-out/>
  <testcase name="LandingLoginTest" time="15.495" classname="com.crm.qa.functionalTest.LoginLandingPageTest"/>
  <system-out/>
</testsuite> <!-- com.crm.qa.functionalTest.LoginLandingPageTest -->
