<?xml version="1.0" encoding="UTF-8"?>
<!-- Generated by org.testng.reporters.JUnitReportReporter -->
<testsuite skipped="0" hostname="laptop-PC" name="com.crm.qa.functionalTest.LoginLandingPageTest" tests="3" failures="0" timestamp="2020-12-27T22:50:05 IST" time="78.058" errors="0">
  <testcase name="LandingPageTitleTest" time="18.564" classname="com.crm.qa.functionalTest.LoginLandingPageTest"/>
  <system-out/>
  <testcase name="CRMlogoTest" time="25.387" classname="com.crm.qa.functionalTest.LoginLandingPageTest"/>
  <system-out/>
  <testcase name="LandingLoginTest" time="34.107" classname="com.crm.qa.functionalTest.LoginLandingPageTest"/>
  <system-out/>
</testsuite> <!-- com.crm.qa.functionalTest.LoginLandingPageTest -->
