<?xml version="1.0" encoding="UTF-8"?>
<!-- Generated by org.testng.reporters.JUnitReportReporter -->
<testsuite skipped="1" hostname="laptop-PC" name="com.crm.qa.functionalTest.HomePageTest" tests="1" failures="0" timestamp="2020-12-10T19:41:37 IST" time="0.000" errors="0">
  <testcase name="contactListTest" time="0.000" classname="com.crm.qa.functionalTest.HomePageTest">
    <skipped/>
  </testcase> <!-- contactListTest -->
  <system-out/>
</testsuite> <!-- com.crm.qa.functionalTest.HomePageTest -->
